<?xml version="1.0" encoding="UTF-8"?>
<testng-results ignored="0" total="1" passed="1" failed="0" skipped="0">
  <reporter-output>
  </reporter-output>
  <suite started-at="2024-09-23T06:08:36Z" name="Default suite" finished-at="2024-09-23T06:08:37Z" duration-ms="1345">
    <groups>
    </groups>
    <test started-at="2024-09-23T06:08:36Z" name="Default test" finished-at="2024-09-23T06:08:37Z" duration-ms="1345">
      <class name="restAPI.GetRequestWithParameters">
        <test-method signature="test1()[pri:0, instance:restAPI.GetRequestWithParameters@16eccb2e]" started-at="2024-09-23T06:08:36Z" name="test1" finished-at="2024-09-23T06:08:37Z" duration-ms="1327" status="PASS">
          <reporter-output>
          </reporter-output>
        </test-method> <!-- test1 -->
      </class> <!-- restAPI.GetRequestWithParameters -->
    </test> <!-- Default test -->
  </suite> <!-- Default suite -->
</testng-results>
